<?xml version="1.0" encoding="UTF-8"?>
<testsuite name="BlackjackTest" tests="1" skipped="0" failures="0" errors="0" timestamp="2022-03-22T10:03:19" hostname="Helenas-MacBook-Pro.local" time="0.03">
  <properties/>
  <testcase name="correctParsesTwo" classname="BlackjackTest" time="0.03"/>
  <system-out><![CDATA[]]></system-out>
  <system-err><![CDATA[]]></system-err>
</testsuite>
